<?xml version="1.0" encoding="UTF-8"?>
<!-- Generated by org.testng.reporters.JUnitReportReporter -->
<testsuite hostname="DESKTOP-N8UETFS" failures="0" tests="1" name="bankingproj.testCases.TC_LoginTest_001" time="5.932" errors="0" timestamp="16 Dec 2020 11:06:36 GMT" skipped="0">
  <testcase classname="bankingproj.testCases.TC_LoginTest_001" name="loginTest" time="5.932"/>
</testsuite> <!-- bankingproj.testCases.TC_LoginTest_001 -->
